<?xml version="1.0" encoding="UTF-8"?>
<coverage generated="1727653891891" clover="3.2.0">
  <project timestamp="1727653891892" name="All files">
    <metrics statements="62" coveredstatements="38" conditionals="36" coveredconditionals="0" methods="8" coveredmethods="3" elements="106" coveredelements="41" complexity="0" loc="62" ncloc="62" packages="4" files="5" classes="5"/>
    <package name="controllers">
      <metrics statements="25" coveredstatements="6" conditionals="4" coveredconditionals="0" methods="2" coveredmethods="0"/>
      <file name="itemController.js" path="C:\Users\Miguel\Documents\ReactJsProjects\mercadolibre-practicaltest\backend\src\controllers\itemController.js">
        <metrics statements="25" coveredstatements="6" conditionals="4" coveredconditionals="0" methods="2" coveredmethods="0"/>
        <line num="3" count="1" type="stmt"/>
        <line num="4" count="1" type="stmt"/>
        <line num="5" count="1" type="stmt"/>
        <line num="10" count="1" type="stmt"/>
        <line num="11" count="0" type="stmt"/>
        <line num="12" count="0" type="stmt"/>
        <line num="14" count="0" type="stmt"/>
        <line num="16" count="0" type="stmt"/>
        <line num="18" count="0" type="stmt"/>
        <line num="24" count="0" type="stmt"/>
        <line num="28" count="0" type="stmt"/>
        <line num="32" count="1" type="stmt"/>
        <line num="33" count="0" type="stmt"/>
        <line num="34" count="0" type="stmt"/>
        <line num="36" count="0" type="stmt"/>
        <line num="37" count="0" type="cond" truecount="0" falsecount="2"/>
        <line num="39" count="0" type="stmt"/>
        <line num="40" count="0" type="stmt"/>
        <line num="42" count="0" type="stmt"/>
        <line num="43" count="0" type="cond" truecount="0" falsecount="2"/>
        <line num="45" count="0" type="stmt"/>
        <line num="50" count="0" type="stmt"/>
        <line num="52" count="0" type="stmt"/>
        <line num="57" count="0" type="stmt"/>
        <line num="62" count="1" type="stmt"/>
      </file>
    </package>
    <package name="routes">
      <metrics statements="6" coveredstatements="6" conditionals="0" coveredconditionals="0" methods="0" coveredmethods="0"/>
      <file name="itemRoutes.js" path="C:\Users\Miguel\Documents\ReactJsProjects\mercadolibre-practicaltest\backend\src\routes\itemRoutes.js">
        <metrics statements="6" coveredstatements="6" conditionals="0" coveredconditionals="0" methods="0" coveredmethods="0"/>
        <line num="3" count="1" type="stmt"/>
        <line num="4" count="1" type="stmt"/>
        <line num="6" count="1" type="stmt"/>
        <line num="8" count="1" type="stmt"/>
        <line num="9" count="1" type="stmt"/>
        <line num="11" count="1" type="stmt"/>
      </file>
    </package>
    <package name="services">
      <metrics statements="21" coveredstatements="20" conditionals="0" coveredconditionals="0" methods="3" coveredmethods="3"/>
      <file name="itemService.js" path="C:\Users\Miguel\Documents\ReactJsProjects\mercadolibre-practicaltest\backend\src\services\itemService.js">
        <metrics statements="21" coveredstatements="20" conditionals="0" coveredconditionals="0" methods="3" coveredmethods="3"/>
        <line num="3" count="2" type="stmt"/>
        <line num="4" count="2" type="stmt"/>
        <line num="6" count="2" type="stmt"/>
        <line num="8" count="2" type="stmt"/>
        <line num="10" count="2" type="stmt"/>
        <line num="13" count="2" type="stmt"/>
        <line num="14" count="1" type="stmt"/>
        <line num="16" count="1" type="stmt"/>
        <line num="20" count="2" type="stmt"/>
        <line num="21" count="2" type="stmt"/>
        <line num="22" count="2" type="stmt"/>
        <line num="23" count="2" type="stmt"/>
        <line num="24" count="1" type="stmt"/>
        <line num="26" count="1" type="stmt"/>
        <line num="30" count="2" type="stmt"/>
        <line num="31" count="1" type="stmt"/>
        <line num="32" count="1" type="stmt"/>
        <line num="33" count="1" type="stmt"/>
        <line num="34" count="0" type="stmt"/>
        <line num="36" count="1" type="stmt"/>
        <line num="40" count="2" type="stmt"/>
      </file>
    </package>
    <package name="utils">
      <metrics statements="10" coveredstatements="6" conditionals="32" coveredconditionals="0" methods="3" coveredmethods="0"/>
      <file name="builderUtils.js" path="C:\Users\Miguel\Documents\ReactJsProjects\mercadolibre-practicaltest\backend\src\utils\builderUtils.js">
        <metrics statements="7" coveredstatements="3" conditionals="32" coveredconditionals="0" methods="3" coveredmethods="0"/>
        <line num="1" count="1" type="stmt"/>
        <line num="3" count="0" type="stmt"/>
        <line num="4" count="0" type="stmt"/>
        <line num="19" count="0" type="stmt"/>
        <line num="22" count="1" type="stmt"/>
        <line num="24" count="0" type="stmt"/>
        <line num="38" count="1" type="stmt"/>
      </file>
      <file name="constants.js" path="C:\Users\Miguel\Documents\ReactJsProjects\mercadolibre-practicaltest\backend\src\utils\constants.js">
        <metrics statements="3" coveredstatements="3" conditionals="0" coveredconditionals="0" methods="0" coveredmethods="0"/>
        <line num="1" count="3" type="stmt"/>
        <line num="8" count="3" type="stmt"/>
        <line num="10" count="3" type="stmt"/>
      </file>
    </package>
  </project>
</coverage>
