{"C:\\Users\\Miguel\\Documents\\ReactJsProjects\\mercadolibre-practicaltest\\backend\\src\\controllers\\itemController.js": {"path":"C:\\Users\\Miguel\\Documents\\ReactJsProjects\\mercadolibre-practicaltest\\backend\\src\\controllers\\itemController.js","statementMap":{"0":{"start":{"line":3,"column":67},"end":{"line":3,"column":101}},"1":{"start":{"line":4,"column":44},"end":{"line":4,"column":73}},"2":{"start":{"line":5,"column":38},"end":{"line":5,"column":70}},"3":{"start":{"line":10,"column":17},"end":{"line":30,"column":1}},"4":{"start":{"line":11,"column":24},"end":{"line":11,"column":35}},"5":{"start":{"line":12,"column":4},"end":{"line":29,"column":5}},"6":{"start":{"line":14,"column":30},"end":{"line":14,"column":59}},"7":{"start":{"line":16,"column":25},"end":{"line":16,"column":61}},"8":{"start":{"line":18,"column":23},"end":{"line":22,"column":9}},"9":{"start":{"line":24,"column":8},"end":{"line":24,"column":37}},"10":{"start":{"line":28,"column":8},"end":{"line":28,"column":66}},"11":{"start":{"line":32,"column":21},"end":{"line":59,"column":1}},"12":{"start":{"line":33,"column":19},"end":{"line":33,"column":32}},"13":{"start":{"line":34,"column":4},"end":{"line":58,"column":5}},"14":{"start":{"line":36,"column":30},"end":{"line":36,"column":57}},"15":{"start":{"line":37,"column":8},"end":{"line":53,"column":9}},"16":{"start":{"line":39,"column":28},"end":{"line":39,"column":58}},"17":{"start":{"line":40,"column":45},"end":{"line":40,"column":86}},"18":{"start":{"line":42,"column":12},"end":{"line":42,"column":42}},"19":{"start":{"line":43,"column":12},"end":{"line":43,"column":80}},"20":{"start":{"line":45,"column":27},"end":{"line":48,"column":13}},"21":{"start":{"line":50,"column":12},"end":{"line":50,"column":41}},"22":{"start":{"line":52,"column":12},"end":{"line":52,"column":64}},"23":{"start":{"line":57,"column":8},"end":{"line":57,"column":66}},"24":{"start":{"line":62,"column":0},"end":{"line":62,"column":44}}},"fnMap":{"0":{"name":"(anonymous_0)","decl":{"start":{"line":10,"column":17},"end":{"line":10,"column":18}},"loc":{"start":{"line":10,"column":37},"end":{"line":30,"column":1}},"line":10},"1":{"name":"(anonymous_1)","decl":{"start":{"line":32,"column":21},"end":{"line":32,"column":22}},"loc":{"start":{"line":32,"column":41},"end":{"line":59,"column":1}},"line":32}},"branchMap":{"0":{"loc":{"start":{"line":37,"column":8},"end":{"line":53,"column":9}},"type":"if","locations":[{"start":{"line":37,"column":8},"end":{"line":53,"column":9}},{"start":{"line":51,"column":15},"end":{"line":53,"column":9}}],"line":37},"1":{"loc":{"start":{"line":43,"column":37},"end":{"line":43,"column":79}},"type":"binary-expr","locations":[{"start":{"line":43,"column":37},"end":{"line":43,"column":75}},{"start":{"line":43,"column":77},"end":{"line":43,"column":79}}],"line":43}},"s":{"0":1,"1":1,"2":1,"3":1,"4":0,"5":0,"6":0,"7":0,"8":0,"9":0,"10":0,"11":1,"12":0,"13":0,"14":0,"15":0,"16":0,"17":0,"18":0,"19":0,"20":0,"21":0,"22":0,"23":0,"24":1},"f":{"0":0,"1":0},"b":{"0":[0,0],"1":[0,0]},"_coverageSchema":"1a1c01bbd47fc00a2c39e90264f33305004495a9","hash":"120bb0e90835806438c86185c5953a1bd46765ac"}
,"C:\\Users\\Miguel\\Documents\\ReactJsProjects\\mercadolibre-practicaltest\\backend\\src\\routes\\itemRoutes.js": {"path":"C:\\Users\\Miguel\\Documents\\ReactJsProjects\\mercadolibre-practicaltest\\backend\\src\\routes\\itemRoutes.js","statementMap":{"0":{"start":{"line":3,"column":16},"end":{"line":3,"column":34}},"1":{"start":{"line":4,"column":35},"end":{"line":4,"column":75}},"2":{"start":{"line":6,"column":15},"end":{"line":6,"column":31}},"3":{"start":{"line":8,"column":0},"end":{"line":8,"column":31}},"4":{"start":{"line":9,"column":0},"end":{"line":9,"column":39}},"5":{"start":{"line":11,"column":0},"end":{"line":11,"column":24}}},"fnMap":{},"branchMap":{},"s":{"0":1,"1":1,"2":1,"3":1,"4":1,"5":1},"f":{},"b":{},"_coverageSchema":"1a1c01bbd47fc00a2c39e90264f33305004495a9","hash":"45e337037c54945deb3d207d8a9e1155ee3044e9"}
,"C:\\Users\\Miguel\\Documents\\ReactJsProjects\\mercadolibre-practicaltest\\backend\\src\\services\\itemService.js": {"path":"C:\\Users\\Miguel\\Documents\\ReactJsProjects\\mercadolibre-practicaltest\\backend\\src\\services\\itemService.js","statementMap":{"0":{"start":{"line":3,"column":14},"end":{"line":3,"column":30}},"1":{"start":{"line":4,"column":19},"end":{"line":4,"column":48}},"2":{"start":{"line":6,"column":19},"end":{"line":18,"column":1}},"3":{"start":{"line":8,"column":4},"end":{"line":17,"column":5}},"4":{"start":{"line":10,"column":20},"end":{"line":10,"column":87}},"5":{"start":{"line":13,"column":25},"end":{"line":13,"column":45}},"6":{"start":{"line":14,"column":8},"end":{"line":14,"column":29}},"7":{"start":{"line":16,"column":8},"end":{"line":16,"column":66}},"8":{"start":{"line":20,"column":22},"end":{"line":28,"column":1}},"9":{"start":{"line":21,"column":4},"end":{"line":27,"column":5}},"10":{"start":{"line":22,"column":20},"end":{"line":22,"column":49}},"11":{"start":{"line":23,"column":25},"end":{"line":23,"column":45}},"12":{"start":{"line":24,"column":8},"end":{"line":24,"column":29}},"13":{"start":{"line":26,"column":8},"end":{"line":26,"column":71}},"14":{"start":{"line":30,"column":36},"end":{"line":38,"column":1}},"15":{"start":{"line":31,"column":4},"end":{"line":37,"column":5}},"16":{"start":{"line":32,"column":20},"end":{"line":32,"column":61}},"17":{"start":{"line":33,"column":25},"end":{"line":33,"column":45}},"18":{"start":{"line":34,"column":8},"end":{"line":34,"column":29}},"19":{"start":{"line":36,"column":8},"end":{"line":36,"column":71}},"20":{"start":{"line":40,"column":0},"end":{"line":40,"column":76}}},"fnMap":{"0":{"name":"(anonymous_0)","decl":{"start":{"line":6,"column":19},"end":{"line":6,"column":20}},"loc":{"start":{"line":6,"column":42},"end":{"line":18,"column":1}},"line":6},"1":{"name":"(anonymous_1)","decl":{"start":{"line":20,"column":22},"end":{"line":20,"column":23}},"loc":{"start":{"line":20,"column":40},"end":{"line":28,"column":1}},"line":20},"2":{"name":"(anonymous_2)","decl":{"start":{"line":30,"column":36},"end":{"line":30,"column":37}},"loc":{"start":{"line":30,"column":54},"end":{"line":38,"column":1}},"line":30}},"branchMap":{},"s":{"0":2,"1":2,"2":2,"3":2,"4":2,"5":2,"6":1,"7":1,"8":2,"9":2,"10":2,"11":2,"12":1,"13":1,"14":2,"15":1,"16":1,"17":1,"18":0,"19":1,"20":2},"f":{"0":2,"1":2,"2":1},"b":{},"_coverageSchema":"1a1c01bbd47fc00a2c39e90264f33305004495a9","hash":"c27a8f798be9a891157e307a6482af5ad0c0dca8"}
,"C:\\Users\\Miguel\\Documents\\ReactJsProjects\\mercadolibre-practicaltest\\backend\\src\\utils\\builderUtils.js": {"path":"C:\\Users\\Miguel\\Documents\\ReactJsProjects\\mercadolibre-practicaltest\\backend\\src\\utils\\builderUtils.js","statementMap":{"0":{"start":{"line":1,"column":19},"end":{"line":20,"column":1}},"1":{"start":{"line":3,"column":21},"end":{"line":16,"column":6}},"2":{"start":{"line":4,"column":8},"end":{"line":15,"column":9}},"3":{"start":{"line":19,"column":4},"end":{"line":19,"column":20}},"4":{"start":{"line":22,"column":24},"end":{"line":36,"column":1}},"5":{"start":{"line":24,"column":4},"end":{"line":35,"column":5}},"6":{"start":{"line":38,"column":0},"end":{"line":38,"column":46}}},"fnMap":{"0":{"name":"(anonymous_0)","decl":{"start":{"line":1,"column":19},"end":{"line":1,"column":20}},"loc":{"start":{"line":1,"column":32},"end":{"line":20,"column":1}},"line":1},"1":{"name":"(anonymous_1)","decl":{"start":{"line":3,"column":33},"end":{"line":3,"column":34}},"loc":{"start":{"line":3,"column":43},"end":{"line":16,"column":5}},"line":3},"2":{"name":"(anonymous_2)","decl":{"start":{"line":22,"column":24},"end":{"line":22,"column":25}},"loc":{"start":{"line":22,"column":42},"end":{"line":36,"column":1}},"line":22}},"branchMap":{"0":{"loc":{"start":{"line":5,"column":16},"end":{"line":5,"column":32}},"type":"binary-expr","locations":[{"start":{"line":5,"column":16},"end":{"line":5,"column":28}},{"start":{"line":5,"column":30},"end":{"line":5,"column":32}}],"line":5},"1":{"loc":{"start":{"line":6,"column":19},"end":{"line":6,"column":38}},"type":"binary-expr","locations":[{"start":{"line":6,"column":19},"end":{"line":6,"column":34}},{"start":{"line":6,"column":36},"end":{"line":6,"column":38}}],"line":6},"2":{"loc":{"start":{"line":8,"column":26},"end":{"line":8,"column":65}},"type":"binary-expr","locations":[{"start":{"line":8,"column":26},"end":{"line":8,"column":61}},{"start":{"line":8,"column":63},"end":{"line":8,"column":65}}],"line":8},"3":{"loc":{"start":{"line":9,"column":24},"end":{"line":9,"column":57}},"type":"binary-expr","locations":[{"start":{"line":9,"column":24},"end":{"line":9,"column":54}},{"start":{"line":9,"column":56},"end":{"line":9,"column":57}}],"line":9},"4":{"loc":{"start":{"line":10,"column":26},"end":{"line":10,"column":59}},"type":"binary-expr","locations":[{"start":{"line":10,"column":26},"end":{"line":10,"column":56}},{"start":{"line":10,"column":58},"end":{"line":10,"column":59}}],"line":10},"5":{"loc":{"start":{"line":12,"column":21},"end":{"line":12,"column":44}},"type":"binary-expr","locations":[{"start":{"line":12,"column":21},"end":{"line":12,"column":40}},{"start":{"line":12,"column":42},"end":{"line":12,"column":44}}],"line":12},"6":{"loc":{"start":{"line":13,"column":23},"end":{"line":13,"column":40}},"type":"binary-expr","locations":[{"start":{"line":13,"column":23},"end":{"line":13,"column":36}},{"start":{"line":13,"column":38},"end":{"line":13,"column":40}}],"line":13},"7":{"loc":{"start":{"line":14,"column":27},"end":{"line":14,"column":66}},"type":"binary-expr","locations":[{"start":{"line":14,"column":27},"end":{"line":14,"column":62}},{"start":{"line":14,"column":64},"end":{"line":14,"column":66}}],"line":14},"8":{"loc":{"start":{"line":25,"column":12},"end":{"line":25,"column":34}},"type":"binary-expr","locations":[{"start":{"line":25,"column":12},"end":{"line":25,"column":30}},{"start":{"line":25,"column":32},"end":{"line":25,"column":34}}],"line":25},"9":{"loc":{"start":{"line":26,"column":15},"end":{"line":26,"column":40}},"type":"binary-expr","locations":[{"start":{"line":26,"column":15},"end":{"line":26,"column":36}},{"start":{"line":26,"column":38},"end":{"line":26,"column":40}}],"line":26},"10":{"loc":{"start":{"line":28,"column":22},"end":{"line":28,"column":53}},"type":"binary-expr","locations":[{"start":{"line":28,"column":22},"end":{"line":28,"column":49}},{"start":{"line":28,"column":51},"end":{"line":28,"column":53}}],"line":28},"11":{"loc":{"start":{"line":29,"column":20},"end":{"line":29,"column":44}},"type":"binary-expr","locations":[{"start":{"line":29,"column":20},"end":{"line":29,"column":41}},{"start":{"line":29,"column":43},"end":{"line":29,"column":44}}],"line":29},"12":{"loc":{"start":{"line":30,"column":22},"end":{"line":30,"column":46}},"type":"binary-expr","locations":[{"start":{"line":30,"column":22},"end":{"line":30,"column":43}},{"start":{"line":30,"column":45},"end":{"line":30,"column":46}}],"line":30},"13":{"loc":{"start":{"line":32,"column":17},"end":{"line":32,"column":46}},"type":"binary-expr","locations":[{"start":{"line":32,"column":17},"end":{"line":32,"column":42}},{"start":{"line":32,"column":44},"end":{"line":32,"column":46}}],"line":32},"14":{"loc":{"start":{"line":33,"column":19},"end":{"line":33,"column":48}},"type":"binary-expr","locations":[{"start":{"line":33,"column":19},"end":{"line":33,"column":44}},{"start":{"line":33,"column":46},"end":{"line":33,"column":48}}],"line":33},"15":{"loc":{"start":{"line":34,"column":23},"end":{"line":34,"column":68}},"type":"binary-expr","locations":[{"start":{"line":34,"column":23},"end":{"line":34,"column":64}},{"start":{"line":34,"column":66},"end":{"line":34,"column":68}}],"line":34}},"s":{"0":1,"1":0,"2":0,"3":0,"4":1,"5":0,"6":1},"f":{"0":0,"1":0,"2":0},"b":{"0":[0,0],"1":[0,0],"2":[0,0],"3":[0,0],"4":[0,0],"5":[0,0],"6":[0,0],"7":[0,0],"8":[0,0],"9":[0,0],"10":[0,0],"11":[0,0],"12":[0,0],"13":[0,0],"14":[0,0],"15":[0,0]},"_coverageSchema":"1a1c01bbd47fc00a2c39e90264f33305004495a9","hash":"ae0b838402370301e1729194331d72217520ac2c"}
,"C:\\Users\\Miguel\\Documents\\ReactJsProjects\\mercadolibre-practicaltest\\backend\\src\\utils\\constants.js": {"path":"C:\\Users\\Miguel\\Documents\\ReactJsProjects\\mercadolibre-practicaltest\\backend\\src\\utils\\constants.js","statementMap":{"0":{"start":{"line":1,"column":25},"end":{"line":6,"column":1}},"1":{"start":{"line":8,"column":17},"end":{"line":8,"column":47}},"2":{"start":{"line":10,"column":0},"end":{"line":10,"column":45}}},"fnMap":{},"branchMap":{},"s":{"0":3,"1":3,"2":3},"f":{},"b":{},"_coverageSchema":"1a1c01bbd47fc00a2c39e90264f33305004495a9","hash":"232b587535efbd4575437b30acb54475fe6288a1"}
}
